<?xml version="1.0" encoding="UTF-8"?>
<!-- Generated by org.testng.reporters.JUnitXMLReporter -->
<testsuite hostname="KAVITHA-PC" ignored="0" name="Default test" tests="3" failures="0" timestamp="13 Aug 2019 19:28:46 GMT" time="2.393" errors="0">
  <testcase name="pageTest" time="1.191" classname="com.qa.application.testcases.SimpleFormDemoTest"/>
  <testcase name="singleInputTest" time="0.602" classname="com.qa.application.testcases.SimpleFormDemoTest"/>
  <testcase name="twoInputTest" time="0.532" classname="com.qa.application.testcases.SimpleFormDemoTest"/>
</testsuite> <!-- Default test -->
