<?xml version="1.0" encoding="UTF-8"?>
<!-- Generated by org.testng.reporters.JUnitXMLReporter -->
<testsuite hostname="KAVITHA-PC" ignored="0" name="Test2" tests="1" failures="1" timestamp="24 Jul 2019 19:56:05 GMT" time="1.058" errors="0">
  <testcase name="isLogoText" time="0.031" classname="com.qa.application.testcases.HomePageTest">
    <failure type="java.lang.AssertionError" message="expected [CRMPRO] but found [CRMPRO - CRM software for customer relationship management, sales, and support.]">
      <![CDATA[java.lang.AssertionError: expected [CRMPRO] but found [CRMPRO - CRM software for customer relationship management, sales, and support.]
	at com.qa.application.testcases.HomePageTest.isLogoText(HomePageTest.java:24)
... Removed 31 stack frames]]>
    </failure>
  </testcase> <!-- isLogoText -->
</testsuite> <!-- Test2 -->
